{
  "/Users/nicholaswerugia/Documents/VSCodeProjects/390/frontend/src/api/axios.js": {
    "path": "/Users/nicholaswerugia/Documents/VSCodeProjects/390/frontend/src/api/axios.js",
    "statementMap": {
      "0": {
        "start": {
          "line": 3,
          "column": 16
        },
        "end": {
          "line": 3,
          "column": 40
        }
      },
      "1": {
        "start": {
          "line": 5,
          "column": 22
        },
        "end": {
          "line": 15,
          "column": 2
        }
      },
      "2": {
        "start": {
          "line": 17,
          "column": 0
        },
        "end": {
          "line": 85,
          "column": 2
        }
      },
      "3": {
        "start": {
          "line": 19,
          "column": 2
        },
        "end": {
          "line": 19,
          "column": 18
        }
      },
      "4": {
        "start": {
          "line": 22,
          "column": 26
        },
        "end": {
          "line": 22,
          "column": 38
        }
      },
      "5": {
        "start": {
          "line": 24,
          "column": 2
        },
        "end": {
          "line": 31,
          "column": 3
        }
      },
      "6": {
        "start": {
          "line": 25,
          "column": 3
        },
        "end": {
          "line": 29,
          "column": 5
        }
      },
      "7": {
        "start": {
          "line": 30,
          "column": 3
        },
        "end": {
          "line": 30,
          "column": 32
        }
      },
      "8": {
        "start": {
          "line": 33,
          "column": 2
        },
        "end": {
          "line": 39,
          "column": 3
        }
      },
      "9": {
        "start": {
          "line": 37,
          "column": 3
        },
        "end": {
          "line": 37,
          "column": 36
        }
      },
      "10": {
        "start": {
          "line": 38,
          "column": 3
        },
        "end": {
          "line": 38,
          "column": 32
        }
      },
      "11": {
        "start": {
          "line": 41,
          "column": 2
        },
        "end": {
          "line": 80,
          "column": 3
        }
      },
      "12": {
        "start": {
          "line": 46,
          "column": 24
        },
        "end": {
          "line": 46,
          "column": 61
        }
      },
      "13": {
        "start": {
          "line": 48,
          "column": 3
        },
        "end": {
          "line": 79,
          "column": 4
        }
      },
      "14": {
        "start": {
          "line": 49,
          "column": 23
        },
        "end": {
          "line": 49,
          "column": 67
        }
      },
      "15": {
        "start": {
          "line": 52,
          "column": 16
        },
        "end": {
          "line": 52,
          "column": 44
        }
      },
      "16": {
        "start": {
          "line": 53,
          "column": 4
        },
        "end": {
          "line": 53,
          "column": 32
        }
      },
      "17": {
        "start": {
          "line": 55,
          "column": 4
        },
        "end": {
          "line": 75,
          "column": 5
        }
      },
      "18": {
        "start": {
          "line": 56,
          "column": 5
        },
        "end": {
          "line": 71,
          "column": 9
        }
      },
      "19": {
        "start": {
          "line": 59,
          "column": 7
        },
        "end": {
          "line": 59,
          "column": 66
        }
      },
      "20": {
        "start": {
          "line": 60,
          "column": 7
        },
        "end": {
          "line": 60,
          "column": 68
        }
      },
      "21": {
        "start": {
          "line": 62,
          "column": 7
        },
        "end": {
          "line": 63,
          "column": 38
        }
      },
      "22": {
        "start": {
          "line": 64,
          "column": 7
        },
        "end": {
          "line": 65,
          "column": 38
        }
      },
      "23": {
        "start": {
          "line": 67,
          "column": 7
        },
        "end": {
          "line": 67,
          "column": 45
        }
      },
      "24": {
        "start": {
          "line": 70,
          "column": 7
        },
        "end": {
          "line": 70,
          "column": 24
        }
      },
      "25": {
        "start": {
          "line": 73,
          "column": 5
        },
        "end": {
          "line": 73,
          "column": 66
        }
      },
      "26": {
        "start": {
          "line": 74,
          "column": 5
        },
        "end": {
          "line": 74,
          "column": 38
        }
      },
      "27": {
        "start": {
          "line": 77,
          "column": 4
        },
        "end": {
          "line": 77,
          "column": 48
        }
      },
      "28": {
        "start": {
          "line": 78,
          "column": 4
        },
        "end": {
          "line": 78,
          "column": 37
        }
      },
      "29": {
        "start": {
          "line": 83,
          "column": 2
        },
        "end": {
          "line": 83,
          "column": 31
        }
      }
    },
    "fnMap": {
      "0": {
        "name": "(anonymous_0)",
        "decl": {
          "start": {
            "line": 18,
            "column": 1
          },
          "end": {
            "line": 18,
            "column": 2
          }
        },
        "loc": {
          "start": {
            "line": 18,
            "column": 15
          },
          "end": {
            "line": 20,
            "column": 2
          }
        },
        "line": 18
      },
      "1": {
        "name": "(anonymous_1)",
        "decl": {
          "start": {
            "line": 21,
            "column": 1
          },
          "end": {
            "line": 21,
            "column": 2
          }
        },
        "loc": {
          "start": {
            "line": 21,
            "column": 24
          },
          "end": {
            "line": 84,
            "column": 2
          }
        },
        "line": 21
      },
      "2": {
        "name": "(anonymous_2)",
        "decl": {
          "start": {
            "line": 58,
            "column": 12
          },
          "end": {
            "line": 58,
            "column": 13
          }
        },
        "loc": {
          "start": {
            "line": 58,
            "column": 26
          },
          "end": {
            "line": 68,
            "column": 7
          }
        },
        "line": 58
      },
      "3": {
        "name": "(anonymous_3)",
        "decl": {
          "start": {
            "line": 69,
            "column": 13
          },
          "end": {
            "line": 69,
            "column": 14
          }
        },
        "loc": {
          "start": {
            "line": 69,
            "column": 22
          },
          "end": {
            "line": 71,
            "column": 7
          }
        },
        "line": 69
      }
    },
    "branchMap": {
      "0": {
        "loc": {
          "start": {
            "line": 9,
            "column": 17
          },
          "end": {
            "line": 11,
            "column": 9
          }
        },
        "type": "cond-expr",
        "locations": [
          {
            "start": {
              "line": 10,
              "column": 5
            },
            "end": {
              "line": 10,
              "column": 50
            }
          },
          {
            "start": {
              "line": 11,
              "column": 5
            },
            "end": {
              "line": 11,
              "column": 9
            }
          }
        ],
        "line": 9
      },
      "1": {
        "loc": {
          "start": {
            "line": 24,
            "column": 2
          },
          "end": {
            "line": 31,
            "column": 3
          }
        },
        "type": "if",
        "locations": [
          {
            "start": {
              "line": 24,
              "column": 2
            },
            "end": {
              "line": 31,
              "column": 3
            }
          },
          {
            "start": {
              "line": 24,
              "column": 2
            },
            "end": {
              "line": 31,
              "column": 3
            }
          }
        ],
        "line": 24
      },
      "2": {
        "loc": {
          "start": {
            "line": 33,
            "column": 2
          },
          "end": {
            "line": 39,
            "column": 3
          }
        },
        "type": "if",
        "locations": [
          {
            "start": {
              "line": 33,
              "column": 2
            },
            "end": {
              "line": 39,
              "column": 3
            }
          },
          {
            "start": {
              "line": 33,
              "column": 2
            },
            "end": {
              "line": 39,
              "column": 3
            }
          }
        ],
        "line": 33
      },
      "3": {
        "loc": {
          "start": {
            "line": 34,
            "column": 3
          },
          "end": {
            "line": 35,
            "column": 53
          }
        },
        "type": "binary-expr",
        "locations": [
          {
            "start": {
              "line": 34,
              "column": 3
            },
            "end": {
              "line": 34,
              "column": 32
            }
          },
          {
            "start": {
              "line": 35,
              "column": 3
            },
            "end": {
              "line": 35,
              "column": 53
            }
          }
        ],
        "line": 34
      },
      "4": {
        "loc": {
          "start": {
            "line": 41,
            "column": 2
          },
          "end": {
            "line": 80,
            "column": 3
          }
        },
        "type": "if",
        "locations": [
          {
            "start": {
              "line": 41,
              "column": 2
            },
            "end": {
              "line": 80,
              "column": 3
            }
          },
          {
            "start": {
              "line": 41,
              "column": 2
            },
            "end": {
              "line": 80,
              "column": 3
            }
          }
        ],
        "line": 41
      },
      "5": {
        "loc": {
          "start": {
            "line": 42,
            "column": 3
          },
          "end": {
            "line": 44,
            "column": 47
          }
        },
        "type": "binary-expr",
        "locations": [
          {
            "start": {
              "line": 42,
              "column": 3
            },
            "end": {
              "line": 42,
              "column": 49
            }
          },
          {
            "start": {
              "line": 43,
              "column": 3
            },
            "end": {
              "line": 43,
              "column": 32
            }
          },
          {
            "start": {
              "line": 44,
              "column": 3
            },
            "end": {
              "line": 44,
              "column": 47
            }
          }
        ],
        "line": 42
      },
      "6": {
        "loc": {
          "start": {
            "line": 48,
            "column": 3
          },
          "end": {
            "line": 79,
            "column": 4
          }
        },
        "type": "if",
        "locations": [
          {
            "start": {
              "line": 48,
              "column": 3
            },
            "end": {
              "line": 79,
              "column": 4
            }
          },
          {
            "start": {
              "line": 48,
              "column": 3
            },
            "end": {
              "line": 79,
              "column": 4
            }
          }
        ],
        "line": 48
      },
      "7": {
        "loc": {
          "start": {
            "line": 55,
            "column": 4
          },
          "end": {
            "line": 75,
            "column": 5
          }
        },
        "type": "if",
        "locations": [
          {
            "start": {
              "line": 55,
              "column": 4
            },
            "end": {
              "line": 75,
              "column": 5
            }
          },
          {
            "start": {
              "line": 55,
              "column": 4
            },
            "end": {
              "line": 75,
              "column": 5
            }
          }
        ],
        "line": 55
      }
    },
    "s": {
      "0": 7,
      "1": 7,
      "2": 7,
      "3": 180,
      "4": 0,
      "5": 0,
      "6": 0,
      "7": 0,
      "8": 0,
      "9": 0,
      "10": 0,
      "11": 0,
      "12": 0,
      "13": 0,
      "14": 0,
      "15": 0,
      "16": 0,
      "17": 0,
      "18": 0,
      "19": 0,
      "20": 0,
      "21": 0,
      "22": 0,
      "23": 0,
      "24": 0,
      "25": 0,
      "26": 0,
      "27": 0,
      "28": 0,
      "29": 0
    },
    "f": {
      "0": 180,
      "1": 0,
      "2": 0,
      "3": 0
    },
    "b": {
      "0": [
        0,
        7
      ],
      "1": [
        0,
        0
      ],
      "2": [
        0,
        0
      ],
      "3": [
        0,
        0
      ],
      "4": [
        0,
        0
      ],
      "5": [
        0,
        0,
        0
      ],
      "6": [
        0,
        0
      ],
      "7": [
        0,
        0
      ]
    },
    "_coverageSchema": "1a1c01bbd47fc00a2c39e90264f33305004495a9",
    "hash": "4fc2803ee9e6573feabed27e93d0b36a8713e364"
  },
  "/Users/nicholaswerugia/Documents/VSCodeProjects/390/frontend/src/utils/hooks/AuthContext.js": {
    "path": "/Users/nicholaswerugia/Documents/VSCodeProjects/390/frontend/src/utils/hooks/AuthContext.js",
    "statementMap": {
      "0": {
        "start": {
          "line": 4,
          "column": 20
        },
        "end": {
          "line": 4,
          "column": 35
        }
      },
      "1": {
        "start": {
          "line": 7,
          "column": 4
        },
        "end": {
          "line": 7,
          "column": 35
        }
      },
      "2": {
        "start": {
          "line": 11,
          "column": 36
        },
        "end": {
          "line": 14,
          "column": 6
        }
      },
      "3": {
        "start": {
          "line": 15,
          "column": 40
        },
        "end": {
          "line": 15,
          "column": 55
        }
      },
      "4": {
        "start": {
          "line": 19,
          "column": 27
        },
        "end": {
          "line": 29,
          "column": 5
        }
      },
      "5": {
        "start": {
          "line": 20,
          "column": 29
        },
        "end": {
          "line": 20,
          "column": 65
        }
      },
      "6": {
        "start": {
          "line": 21,
          "column": 8
        },
        "end": {
          "line": 28,
          "column": 9
        }
      },
      "7": {
        "start": {
          "line": 22,
          "column": 12
        },
        "end": {
          "line": 22,
          "column": 84
        }
      },
      "8": {
        "start": {
          "line": 23,
          "column": 12
        },
        "end": {
          "line": 23,
          "column": 32
        }
      },
      "9": {
        "start": {
          "line": 24,
          "column": 12
        },
        "end": {
          "line": 24,
          "column": 52
        }
      },
      "10": {
        "start": {
          "line": 26,
          "column": 12
        },
        "end": {
          "line": 26,
          "column": 33
        }
      },
      "11": {
        "start": {
          "line": 27,
          "column": 12
        },
        "end": {
          "line": 27,
          "column": 30
        }
      },
      "12": {
        "start": {
          "line": 31,
          "column": 18
        },
        "end": {
          "line": 37,
          "column": 5
        }
      },
      "13": {
        "start": {
          "line": 39,
          "column": 4
        },
        "end": {
          "line": 41,
          "column": 5
        }
      }
    },
    "fnMap": {
      "0": {
        "name": "useAuth",
        "decl": {
          "start": {
            "line": 6,
            "column": 16
          },
          "end": {
            "line": 6,
            "column": 23
          }
        },
        "loc": {
          "start": {
            "line": 6,
            "column": 26
          },
          "end": {
            "line": 8,
            "column": 1
          }
        },
        "line": 6
      },
      "1": {
        "name": "AuthProvider",
        "decl": {
          "start": {
            "line": 9,
            "column": 16
          },
          "end": {
            "line": 9,
            "column": 28
          }
        },
        "loc": {
          "start": {
            "line": 9,
            "column": 36
          },
          "end": {
            "line": 42,
            "column": 1
          }
        },
        "line": 9
      },
      "2": {
        "name": "(anonymous_2)",
        "decl": {
          "start": {
            "line": 19,
            "column": 27
          },
          "end": {
            "line": 19,
            "column": 28
          }
        },
        "loc": {
          "start": {
            "line": 19,
            "column": 33
          },
          "end": {
            "line": 29,
            "column": 5
          }
        },
        "line": 19
      }
    },
    "branchMap": {
      "0": {
        "loc": {
          "start": {
            "line": 21,
            "column": 8
          },
          "end": {
            "line": 28,
            "column": 9
          }
        },
        "type": "if",
        "locations": [
          {
            "start": {
              "line": 21,
              "column": 8
            },
            "end": {
              "line": 28,
              "column": 9
            }
          },
          {
            "start": {
              "line": 21,
              "column": 8
            },
            "end": {
              "line": 28,
              "column": 9
            }
          }
        ],
        "line": 21
      }
    },
    "s": {
      "0": 7,
      "1": 699,
      "2": 49,
      "3": 42,
      "4": 42,
      "5": 14,
      "6": 14,
      "7": 0,
      "8": 0,
      "9": 0,
      "10": 14,
      "11": 14,
      "12": 42,
      "13": 42
    },
    "f": {
      "0": 699,
      "1": 49,
      "2": 14
    },
    "b": {
      "0": [
        0,
        14
      ]
    },
    "_coverageSchema": "1a1c01bbd47fc00a2c39e90264f33305004495a9",
    "hash": "eed65e06676b83707ae05de034b506e918d23d80"
  },
  "/Users/nicholaswerugia/Documents/VSCodeProjects/390/frontend/src/utils/hooks/ProfileContext.js": {
    "path": "/Users/nicholaswerugia/Documents/VSCodeProjects/390/frontend/src/utils/hooks/ProfileContext.js",
    "statementMap": {
      "0": {
        "start": {
          "line": 5,
          "column": 23
        },
        "end": {
          "line": 5,
          "column": 38
        }
      },
      "1": {
        "start": {
          "line": 8,
          "column": 4
        },
        "end": {
          "line": 8,
          "column": 38
        }
      },
      "2": {
        "start": {
          "line": 12,
          "column": 42
        },
        "end": {
          "line": 23,
          "column": 6
        }
      },
      "3": {
        "start": {
          "line": 24,
          "column": 28
        },
        "end": {
          "line": 24,
          "column": 42
        }
      },
      "4": {
        "start": {
          "line": 25,
          "column": 29
        },
        "end": {
          "line": 40,
          "column": 5
        }
      },
      "5": {
        "start": {
          "line": 26,
          "column": 19
        },
        "end": {
          "line": 26,
          "column": 45
        }
      },
      "6": {
        "start": {
          "line": 27,
          "column": 8
        },
        "end": {
          "line": 39,
          "column": 9
        }
      },
      "7": {
        "start": {
          "line": 28,
          "column": 12
        },
        "end": {
          "line": 38,
          "column": 19
        }
      },
      "8": {
        "start": {
          "line": 30,
          "column": 20
        },
        "end": {
          "line": 34,
          "column": 21
        }
      },
      "9": {
        "start": {
          "line": 31,
          "column": 37
        },
        "end": {
          "line": 31,
          "column": 55
        }
      },
      "10": {
        "start": {
          "line": 32,
          "column": 24
        },
        "end": {
          "line": 32,
          "column": 38
        }
      },
      "11": {
        "start": {
          "line": 33,
          "column": 24
        },
        "end": {
          "line": 33,
          "column": 42
        }
      },
      "12": {
        "start": {
          "line": 37,
          "column": 20
        },
        "end": {
          "line": 37,
          "column": 73
        }
      },
      "13": {
        "start": {
          "line": 42,
          "column": 34
        },
        "end": {
          "line": 102,
          "column": 5
        }
      },
      "14": {
        "start": {
          "line": 43,
          "column": 19
        },
        "end": {
          "line": 43,
          "column": 21
        }
      },
      "15": {
        "start": {
          "line": 44,
          "column": 19
        },
        "end": {
          "line": 44,
          "column": 45
        }
      },
      "16": {
        "start": {
          "line": 45,
          "column": 8
        },
        "end": {
          "line": 100,
          "column": 15
        }
      },
      "17": {
        "start": {
          "line": 48,
          "column": 16
        },
        "end": {
          "line": 48,
          "column": 42
        }
      },
      "18": {
        "start": {
          "line": 49,
          "column": 16
        },
        "end": {
          "line": 49,
          "column": 34
        }
      },
      "19": {
        "start": {
          "line": 50,
          "column": 16
        },
        "end": {
          "line": 96,
          "column": 17
        }
      },
      "20": {
        "start": {
          "line": 51,
          "column": 20
        },
        "end": {
          "line": 72,
          "column": 27
        }
      },
      "21": {
        "start": {
          "line": 54,
          "column": 28
        },
        "end": {
          "line": 54,
          "column": 50
        }
      },
      "22": {
        "start": {
          "line": 55,
          "column": 28
        },
        "end": {
          "line": 67,
          "column": 31
        }
      },
      "23": {
        "start": {
          "line": 68,
          "column": 28
        },
        "end": {
          "line": 68,
          "column": 55
        }
      },
      "24": {
        "start": {
          "line": 71,
          "column": 28
        },
        "end": {
          "line": 71,
          "column": 89
        }
      },
      "25": {
        "start": {
          "line": 73,
          "column": 23
        },
        "end": {
          "line": 96,
          "column": 17
        }
      },
      "26": {
        "start": {
          "line": 74,
          "column": 20
        },
        "end": {
          "line": 95,
          "column": 27
        }
      },
      "27": {
        "start": {
          "line": 77,
          "column": 28
        },
        "end": {
          "line": 77,
          "column": 50
        }
      },
      "28": {
        "start": {
          "line": 78,
          "column": 28
        },
        "end": {
          "line": 90,
          "column": 31
        }
      },
      "29": {
        "start": {
          "line": 91,
          "column": 28
        },
        "end": {
          "line": 91,
          "column": 55
        }
      },
      "30": {
        "start": {
          "line": 94,
          "column": 28
        },
        "end": {
          "line": 94,
          "column": 89
        }
      },
      "31": {
        "start": {
          "line": 99,
          "column": 16
        },
        "end": {
          "line": 99,
          "column": 77
        }
      },
      "32": {
        "start": {
          "line": 104,
          "column": 34
        },
        "end": {
          "line": 106,
          "column": 5
        }
      },
      "33": {
        "start": {
          "line": 105,
          "column": 8
        },
        "end": {
          "line": 105,
          "column": 32
        }
      },
      "34": {
        "start": {
          "line": 108,
          "column": 4
        },
        "end": {
          "line": 110,
          "column": 5
        }
      }
    },
    "fnMap": {
      "0": {
        "name": "useProfile",
        "decl": {
          "start": {
            "line": 7,
            "column": 16
          },
          "end": {
            "line": 7,
            "column": 26
          }
        },
        "loc": {
          "start": {
            "line": 7,
            "column": 29
          },
          "end": {
            "line": 9,
            "column": 1
          }
        },
        "line": 7
      },
      "1": {
        "name": "ProfileProvider",
        "decl": {
          "start": {
            "line": 10,
            "column": 16
          },
          "end": {
            "line": 10,
            "column": 31
          }
        },
        "loc": {
          "start": {
            "line": 10,
            "column": 39
          },
          "end": {
            "line": 111,
            "column": 1
          }
        },
        "line": 10
      },
      "2": {
        "name": "(anonymous_2)",
        "decl": {
          "start": {
            "line": 25,
            "column": 29
          },
          "end": {
            "line": 25,
            "column": 30
          }
        },
        "loc": {
          "start": {
            "line": 25,
            "column": 35
          },
          "end": {
            "line": 40,
            "column": 5
          }
        },
        "line": 25
      },
      "3": {
        "name": "(anonymous_3)",
        "decl": {
          "start": {
            "line": 29,
            "column": 22
          },
          "end": {
            "line": 29,
            "column": 23
          }
        },
        "loc": {
          "start": {
            "line": 29,
            "column": 36
          },
          "end": {
            "line": 35,
            "column": 17
          }
        },
        "line": 29
      },
      "4": {
        "name": "(anonymous_4)",
        "decl": {
          "start": {
            "line": 36,
            "column": 23
          },
          "end": {
            "line": 36,
            "column": 24
          }
        },
        "loc": {
          "start": {
            "line": 36,
            "column": 34
          },
          "end": {
            "line": 38,
            "column": 17
          }
        },
        "line": 36
      },
      "5": {
        "name": "(anonymous_5)",
        "decl": {
          "start": {
            "line": 42,
            "column": 34
          },
          "end": {
            "line": 42,
            "column": 35
          }
        },
        "loc": {
          "start": {
            "line": 42,
            "column": 46
          },
          "end": {
            "line": 102,
            "column": 5
          }
        },
        "line": 42
      },
      "6": {
        "name": "(anonymous_6)",
        "decl": {
          "start": {
            "line": 47,
            "column": 18
          },
          "end": {
            "line": 47,
            "column": 19
          }
        },
        "loc": {
          "start": {
            "line": 47,
            "column": 32
          },
          "end": {
            "line": 97,
            "column": 13
          }
        },
        "line": 47
      },
      "7": {
        "name": "(anonymous_7)",
        "decl": {
          "start": {
            "line": 53,
            "column": 30
          },
          "end": {
            "line": 53,
            "column": 31
          }
        },
        "loc": {
          "start": {
            "line": 53,
            "column": 44
          },
          "end": {
            "line": 69,
            "column": 25
          }
        },
        "line": 53
      },
      "8": {
        "name": "(anonymous_8)",
        "decl": {
          "start": {
            "line": 70,
            "column": 31
          },
          "end": {
            "line": 70,
            "column": 32
          }
        },
        "loc": {
          "start": {
            "line": 70,
            "column": 42
          },
          "end": {
            "line": 72,
            "column": 25
          }
        },
        "line": 70
      },
      "9": {
        "name": "(anonymous_9)",
        "decl": {
          "start": {
            "line": 76,
            "column": 30
          },
          "end": {
            "line": 76,
            "column": 31
          }
        },
        "loc": {
          "start": {
            "line": 76,
            "column": 44
          },
          "end": {
            "line": 92,
            "column": 25
          }
        },
        "line": 76
      },
      "10": {
        "name": "(anonymous_10)",
        "decl": {
          "start": {
            "line": 93,
            "column": 31
          },
          "end": {
            "line": 93,
            "column": 32
          }
        },
        "loc": {
          "start": {
            "line": 93,
            "column": 42
          },
          "end": {
            "line": 95,
            "column": 25
          }
        },
        "line": 93
      },
      "11": {
        "name": "(anonymous_11)",
        "decl": {
          "start": {
            "line": 98,
            "column": 19
          },
          "end": {
            "line": 98,
            "column": 20
          }
        },
        "loc": {
          "start": {
            "line": 98,
            "column": 30
          },
          "end": {
            "line": 100,
            "column": 13
          }
        },
        "line": 98
      },
      "12": {
        "name": "(anonymous_12)",
        "decl": {
          "start": {
            "line": 104,
            "column": 34
          },
          "end": {
            "line": 104,
            "column": 35
          }
        },
        "loc": {
          "start": {
            "line": 104,
            "column": 47
          },
          "end": {
            "line": 106,
            "column": 5
          }
        },
        "line": 104
      }
    },
    "branchMap": {
      "0": {
        "loc": {
          "start": {
            "line": 27,
            "column": 8
          },
          "end": {
            "line": 39,
            "column": 9
          }
        },
        "type": "if",
        "locations": [
          {
            "start": {
              "line": 27,
              "column": 8
            },
            "end": {
              "line": 39,
              "column": 9
            }
          },
          {
            "start": {
              "line": 27,
              "column": 8
            },
            "end": {
              "line": 39,
              "column": 9
            }
          }
        ],
        "line": 27
      },
      "1": {
        "loc": {
          "start": {
            "line": 30,
            "column": 20
          },
          "end": {
            "line": 34,
            "column": 21
          }
        },
        "type": "if",
        "locations": [
          {
            "start": {
              "line": 30,
              "column": 20
            },
            "end": {
              "line": 34,
              "column": 21
            }
          },
          {
            "start": {
              "line": 30,
              "column": 20
            },
            "end": {
              "line": 34,
              "column": 21
            }
          }
        ],
        "line": 30
      },
      "2": {
        "loc": {
          "start": {
            "line": 30,
            "column": 24
          },
          "end": {
            "line": 30,
            "column": 49
          }
        },
        "type": "binary-expr",
        "locations": [
          {
            "start": {
              "line": 30,
              "column": 24
            },
            "end": {
              "line": 30,
              "column": 32
            }
          },
          {
            "start": {
              "line": 30,
              "column": 36
            },
            "end": {
              "line": 30,
              "column": 49
            }
          }
        ],
        "line": 30
      },
      "3": {
        "loc": {
          "start": {
            "line": 50,
            "column": 16
          },
          "end": {
            "line": 96,
            "column": 17
          }
        },
        "type": "if",
        "locations": [
          {
            "start": {
              "line": 50,
              "column": 16
            },
            "end": {
              "line": 96,
              "column": 17
            }
          },
          {
            "start": {
              "line": 50,
              "column": 16
            },
            "end": {
              "line": 96,
              "column": 17
            }
          }
        ],
        "line": 50
      },
      "4": {
        "loc": {
          "start": {
            "line": 73,
            "column": 23
          },
          "end": {
            "line": 96,
            "column": 17
          }
        },
        "type": "if",
        "locations": [
          {
            "start": {
              "line": 73,
              "column": 23
            },
            "end": {
              "line": 96,
              "column": 17
            }
          },
          {
            "start": {
              "line": 73,
              "column": 23
            },
            "end": {
              "line": 96,
              "column": 17
            }
          }
        ],
        "line": 73
      }
    },
    "s": {
      "0": 7,
      "1": 546,
      "2": 69,
      "3": 62,
      "4": 62,
      "5": 46,
      "6": 46,
      "7": 46,
      "8": 46,
      "9": 46,
      "10": 46,
      "11": 46,
      "12": 0,
      "13": 62,
      "14": 14,
      "15": 14,
      "16": 14,
      "17": 14,
      "18": 14,
      "19": 14,
      "20": 14,
      "21": 14,
      "22": 14,
      "23": 14,
      "24": 0,
      "25": 0,
      "26": 0,
      "27": 0,
      "28": 0,
      "29": 0,
      "30": 0,
      "31": 0,
      "32": 62,
      "33": 0,
      "34": 62
    },
    "f": {
      "0": 546,
      "1": 69,
      "2": 46,
      "3": 46,
      "4": 0,
      "5": 14,
      "6": 14,
      "7": 14,
      "8": 0,
      "9": 0,
      "10": 0,
      "11": 0,
      "12": 0
    },
    "b": {
      "0": [
        46,
        0
      ],
      "1": [
        46,
        0
      ],
      "2": [
        46,
        46
      ],
      "3": [
        14,
        0
      ],
      "4": [
        0,
        0
      ]
    },
    "_coverageSchema": "1a1c01bbd47fc00a2c39e90264f33305004495a9",
    "hash": "23bb40649cabfa3c42d94430ba493e86c20f0476"
  },
  "/Users/nicholaswerugia/Documents/VSCodeProjects/390/frontend/src/components/nagivationBar/NavigationBar.js": {
    "path": "/Users/nicholaswerugia/Documents/VSCodeProjects/390/frontend/src/components/nagivationBar/NavigationBar.js",
    "statementMap": {
      "0": {
        "start": {
          "line": 8,
          "column": 22
        },
        "end": {
          "line": 91,
          "column": 1
        }
      },
      "1": {
        "start": {
          "line": 9,
          "column": 25
        },
        "end": {
          "line": 9,
          "column": 34
        }
      },
      "2": {
        "start": {
          "line": 10,
          "column": 19
        },
        "end": {
          "line": 10,
          "column": 32
        }
      },
      "3": {
        "start": {
          "line": 11,
          "column": 19
        },
        "end": {
          "line": 11,
          "column": 31
        }
      },
      "4": {
        "start": {
          "line": 13,
          "column": 23
        },
        "end": {
          "line": 24,
          "column": 3
        }
      },
      "5": {
        "start": {
          "line": 15,
          "column": 17
        },
        "end": {
          "line": 15,
          "column": 34
        }
      },
      "6": {
        "start": {
          "line": 16,
          "column": 4
        },
        "end": {
          "line": 22,
          "column": 5
        }
      },
      "7": {
        "start": {
          "line": 17,
          "column": 6
        },
        "end": {
          "line": 17,
          "column": 23
        }
      },
      "8": {
        "start": {
          "line": 18,
          "column": 11
        },
        "end": {
          "line": 22,
          "column": 5
        }
      },
      "9": {
        "start": {
          "line": 19,
          "column": 6
        },
        "end": {
          "line": 19,
          "column": 25
        }
      },
      "10": {
        "start": {
          "line": 20,
          "column": 11
        },
        "end": {
          "line": 22,
          "column": 5
        }
      },
      "11": {
        "start": {
          "line": 21,
          "column": 6
        },
        "end": {
          "line": 21,
          "column": 22
        }
      },
      "12": {
        "start": {
          "line": 23,
          "column": 4
        },
        "end": {
          "line": 23,
          "column": 15
        }
      },
      "13": {
        "start": {
          "line": 25,
          "column": 2
        },
        "end": {
          "line": 90,
          "column": 14
        }
      }
    },
    "fnMap": {
      "0": {
        "name": "(anonymous_0)",
        "decl": {
          "start": {
            "line": 8,
            "column": 22
          },
          "end": {
            "line": 8,
            "column": 23
          }
        },
        "loc": {
          "start": {
            "line": 8,
            "column": 28
          },
          "end": {
            "line": 91,
            "column": 1
          }
        },
        "line": 8
      },
      "1": {
        "name": "(anonymous_1)",
        "decl": {
          "start": {
            "line": 13,
            "column": 23
          },
          "end": {
            "line": 13,
            "column": 24
          }
        },
        "loc": {
          "start": {
            "line": 13,
            "column": 29
          },
          "end": {
            "line": 24,
            "column": 3
          }
        },
        "line": 13
      }
    },
    "branchMap": {
      "0": {
        "loc": {
          "start": {
            "line": 16,
            "column": 4
          },
          "end": {
            "line": 22,
            "column": 5
          }
        },
        "type": "if",
        "locations": [
          {
            "start": {
              "line": 16,
              "column": 4
            },
            "end": {
              "line": 22,
              "column": 5
            }
          },
          {
            "start": {
              "line": 16,
              "column": 4
            },
            "end": {
              "line": 22,
              "column": 5
            }
          }
        ],
        "line": 16
      },
      "1": {
        "loc": {
          "start": {
            "line": 18,
            "column": 11
          },
          "end": {
            "line": 22,
            "column": 5
          }
        },
        "type": "if",
        "locations": [
          {
            "start": {
              "line": 18,
              "column": 11
            },
            "end": {
              "line": 22,
              "column": 5
            }
          },
          {
            "start": {
              "line": 18,
              "column": 11
            },
            "end": {
              "line": 22,
              "column": 5
            }
          }
        ],
        "line": 18
      },
      "2": {
        "loc": {
          "start": {
            "line": 20,
            "column": 11
          },
          "end": {
            "line": 22,
            "column": 5
          }
        },
        "type": "if",
        "locations": [
          {
            "start": {
              "line": 20,
              "column": 11
            },
            "end": {
              "line": 22,
              "column": 5
            }
          },
          {
            "start": {
              "line": 20,
              "column": 11
            },
            "end": {
              "line": 22,
              "column": 5
            }
          }
        ],
        "line": 20
      },
      "3": {
        "loc": {
          "start": {
            "line": 35,
            "column": 15
          },
          "end": {
            "line": 39,
            "column": 30
          }
        },
        "type": "cond-expr",
        "locations": [
          {
            "start": {
              "line": 35,
              "column": 28
            },
            "end": {
              "line": 35,
              "column": 30
            }
          },
          {
            "start": {
              "line": 35,
              "column": 33
            },
            "end": {
              "line": 39,
              "column": 30
            }
          }
        ],
        "line": 35
      },
      "4": {
        "loc": {
          "start": {
            "line": 42,
            "column": 15
          },
          "end": {
            "line": 50,
            "column": 20
          }
        },
        "type": "cond-expr",
        "locations": [
          {
            "start": {
              "line": 43,
              "column": 16
            },
            "end": {
              "line": 49,
              "column": 27
            }
          },
          {
            "start": {
              "line": 50,
              "column": 18
            },
            "end": {
              "line": 50,
              "column": 20
            }
          }
        ],
        "line": 42
      },
      "5": {
        "loc": {
          "start": {
            "line": 42,
            "column": 15
          },
          "end": {
            "line": 42,
            "column": 47
          }
        },
        "type": "binary-expr",
        "locations": [
          {
            "start": {
              "line": 42,
              "column": 15
            },
            "end": {
              "line": 42,
              "column": 25
            }
          },
          {
            "start": {
              "line": 42,
              "column": 29
            },
            "end": {
              "line": 42,
              "column": 47
            }
          }
        ],
        "line": 42
      },
      "6": {
        "loc": {
          "start": {
            "line": 51,
            "column": 15
          },
          "end": {
            "line": 59,
            "column": 20
          }
        },
        "type": "cond-expr",
        "locations": [
          {
            "start": {
              "line": 52,
              "column": 16
            },
            "end": {
              "line": 58,
              "column": 27
            }
          },
          {
            "start": {
              "line": 59,
              "column": 18
            },
            "end": {
              "line": 59,
              "column": 20
            }
          }
        ],
        "line": 51
      },
      "7": {
        "loc": {
          "start": {
            "line": 60,
            "column": 15
          },
          "end": {
            "line": 68,
            "column": 20
          }
        },
        "type": "cond-expr",
        "locations": [
          {
            "start": {
              "line": 61,
              "column": 16
            },
            "end": {
              "line": 67,
              "column": 27
            }
          },
          {
            "start": {
              "line": 68,
              "column": 18
            },
            "end": {
              "line": 68,
              "column": 20
            }
          }
        ],
        "line": 60
      },
      "8": {
        "loc": {
          "start": {
            "line": 69,
            "column": 15
          },
          "end": {
            "line": 77,
            "column": 20
          }
        },
        "type": "cond-expr",
        "locations": [
          {
            "start": {
              "line": 70,
              "column": 16
            },
            "end": {
              "line": 76,
              "column": 27
            }
          },
          {
            "start": {
              "line": 77,
              "column": 18
            },
            "end": {
              "line": 77,
              "column": 20
            }
          }
        ],
        "line": 69
      }
    },
    "s": {
      "0": 7,
      "1": 167,
      "2": 160,
      "3": 160,
      "4": 160,
      "5": 160,
      "6": 160,
      "7": 42,
      "8": 118,
      "9": 46,
      "10": 72,
      "11": 0,
      "12": 72,
      "13": 160
    },
    "f": {
      "0": 167,
      "1": 160
    },
    "b": {
      "0": [
        42,
        118
      ],
      "1": [
        46,
        72
      ],
      "2": [
        0,
        72
      ],
      "3": [
        132,
        28
      ],
      "4": [
        104,
        56
      ],
      "5": [
        160,
        132
      ],
      "6": [
        132,
        28
      ],
      "7": [
        132,
        28
      ],
      "8": [
        132,
        28
      ]
    },
    "_coverageSchema": "1a1c01bbd47fc00a2c39e90264f33305004495a9",
    "hash": "19aa9502de51fd4aaa3861faf7886f86a27aa4f3"
  },
  "/Users/nicholaswerugia/Documents/VSCodeProjects/390/frontend/src/components/Header.js": {
    "path": "/Users/nicholaswerugia/Documents/VSCodeProjects/390/frontend/src/components/Header.js",
    "statementMap": {
      "0": {
        "start": {
          "line": 12,
          "column": 15
        },
        "end": {
          "line": 20,
          "column": 1
        }
      },
      "1": {
        "start": {
          "line": 13,
          "column": 25
        },
        "end": {
          "line": 13,
          "column": 34
        }
      },
      "2": {
        "start": {
          "line": 14,
          "column": 2
        },
        "end": {
          "line": 19,
          "column": 4
        }
      }
    },
    "fnMap": {
      "0": {
        "name": "(anonymous_0)",
        "decl": {
          "start": {
            "line": 12,
            "column": 15
          },
          "end": {
            "line": 12,
            "column": 16
          }
        },
        "loc": {
          "start": {
            "line": 12,
            "column": 21
          },
          "end": {
            "line": 20,
            "column": 1
          }
        },
        "line": 12
      }
    },
    "branchMap": {},
    "s": {
      "0": 7,
      "1": 49,
      "2": 42
    },
    "f": {
      "0": 49
    },
    "b": {},
    "_coverageSchema": "1a1c01bbd47fc00a2c39e90264f33305004495a9",
    "hash": "73fc09ea12bc2585845f7303b6d0d7b4e928fd66"
  },
  "/Users/nicholaswerugia/Documents/VSCodeProjects/390/frontend/src/components/Footer.js": {
    "path": "/Users/nicholaswerugia/Documents/VSCodeProjects/390/frontend/src/components/Footer.js",
    "statementMap": {
      "0": {
        "start": {
          "line": 4,
          "column": 15
        },
        "end": {
          "line": 16,
          "column": 1
        }
      },
      "1": {
        "start": {
          "line": 5,
          "column": 2
        },
        "end": {
          "line": 15,
          "column": 3
        }
      }
    },
    "fnMap": {
      "0": {
        "name": "(anonymous_0)",
        "decl": {
          "start": {
            "line": 4,
            "column": 15
          },
          "end": {
            "line": 4,
            "column": 16
          }
        },
        "loc": {
          "start": {
            "line": 4,
            "column": 21
          },
          "end": {
            "line": 16,
            "column": 1
          }
        },
        "line": 4
      }
    },
    "branchMap": {},
    "s": {
      "0": 7,
      "1": 42
    },
    "f": {
      "0": 42
    },
    "b": {},
    "_coverageSchema": "1a1c01bbd47fc00a2c39e90264f33305004495a9",
    "hash": "2623d3fef5d27791fcce1d7846a72c64b5e12017"
  },
  "/Users/nicholaswerugia/Documents/VSCodeProjects/390/frontend/src/screens/homeScreenCarousel/CarouselHomeScreen.js": {
    "path": "/Users/nicholaswerugia/Documents/VSCodeProjects/390/frontend/src/screens/homeScreenCarousel/CarouselHomeScreen.js",
    "statementMap": {
      "0": {
        "start": {
          "line": 8,
          "column": 4
        },
        "end": {
          "line": 77,
          "column": 6
        }
      }
    },
    "fnMap": {
      "0": {
        "name": "CarouselFadeExample",
        "decl": {
          "start": {
            "line": 7,
            "column": 9
          },
          "end": {
            "line": 7,
            "column": 28
          }
        },
        "loc": {
          "start": {
            "line": 7,
            "column": 31
          },
          "end": {
            "line": 78,
            "column": 1
          }
        },
        "line": 7
      }
    },
    "branchMap": {},
    "s": {
      "0": 14
    },
    "f": {
      "0": 14
    },
    "b": {},
    "_coverageSchema": "1a1c01bbd47fc00a2c39e90264f33305004495a9",
    "hash": "cd5c888bb3d9098fc8c927cd4d697df7497d92ea"
  },
  "/Users/nicholaswerugia/Documents/VSCodeProjects/390/frontend/src/screens/HomeScreen.js": {
    "path": "/Users/nicholaswerugia/Documents/VSCodeProjects/390/frontend/src/screens/HomeScreen.js",
    "statementMap": {
      "0": {
        "start": {
          "line": 6,
          "column": 19
        },
        "end": {
          "line": 23,
          "column": 1
        }
      },
      "1": {
        "start": {
          "line": 8,
          "column": 4
        },
        "end": {
          "line": 22,
          "column": 5
        }
      }
    },
    "fnMap": {
      "0": {
        "name": "(anonymous_0)",
        "decl": {
          "start": {
            "line": 6,
            "column": 19
          },
          "end": {
            "line": 6,
            "column": 20
          }
        },
        "loc": {
          "start": {
            "line": 6,
            "column": 25
          },
          "end": {
            "line": 23,
            "column": 1
          }
        },
        "line": 6
      }
    },
    "branchMap": {},
    "s": {
      "0": 7,
      "1": 14
    },
    "f": {
      "0": 14
    },
    "b": {},
    "_coverageSchema": "1a1c01bbd47fc00a2c39e90264f33305004495a9",
    "hash": "c73b9795bf67f3b9e0478e64204fa9732b3656c2"
  },
  "/Users/nicholaswerugia/Documents/VSCodeProjects/390/frontend/src/components/property/PropertyCard.js": {
    "path": "/Users/nicholaswerugia/Documents/VSCodeProjects/390/frontend/src/components/property/PropertyCard.js",
    "statementMap": {
      "0": {
        "start": {
          "line": 8,
          "column": 21
        },
        "end": {
          "line": 122,
          "column": 1
        }
      },
      "1": {
        "start": {
          "line": 10,
          "column": 19
        },
        "end": {
          "line": 10,
          "column": 31
        }
      },
      "2": {
        "start": {
          "line": 12,
          "column": 19
        },
        "end": {
          "line": 12,
          "column": 31
        }
      },
      "3": {
        "start": {
          "line": 13,
          "column": 21
        },
        "end": {
          "line": 13,
          "column": 33
        }
      },
      "4": {
        "start": {
          "line": 14,
          "column": 21
        },
        "end": {
          "line": 14,
          "column": 33
        }
      },
      "5": {
        "start": {
          "line": 17,
          "column": 36
        },
        "end": {
          "line": 17,
          "column": 51
        }
      },
      "6": {
        "start": {
          "line": 18,
          "column": 40
        },
        "end": {
          "line": 18,
          "column": 55
        }
      },
      "7": {
        "start": {
          "line": 19,
          "column": 40
        },
        "end": {
          "line": 19,
          "column": 55
        }
      },
      "8": {
        "start": {
          "line": 22,
          "column": 22
        },
        "end": {
          "line": 22,
          "column": 52
        }
      },
      "9": {
        "start": {
          "line": 22,
          "column": 28
        },
        "end": {
          "line": 22,
          "column": 52
        }
      },
      "10": {
        "start": {
          "line": 23,
          "column": 24
        },
        "end": {
          "line": 23,
          "column": 58
        }
      },
      "11": {
        "start": {
          "line": 23,
          "column": 30
        },
        "end": {
          "line": 23,
          "column": 58
        }
      },
      "12": {
        "start": {
          "line": 24,
          "column": 24
        },
        "end": {
          "line": 24,
          "column": 58
        }
      },
      "13": {
        "start": {
          "line": 24,
          "column": 30
        },
        "end": {
          "line": 24,
          "column": 58
        }
      },
      "14": {
        "start": {
          "line": 26,
          "column": 29
        },
        "end": {
          "line": 32,
          "column": 3
        }
      },
      "15": {
        "start": {
          "line": 27,
          "column": 16
        },
        "end": {
          "line": 27,
          "column": 17
        }
      },
      "16": {
        "start": {
          "line": 28,
          "column": 4
        },
        "end": {
          "line": 30,
          "column": 5
        }
      },
      "17": {
        "start": {
          "line": 29,
          "column": 6
        },
        "end": {
          "line": 29,
          "column": 43
        }
      },
      "18": {
        "start": {
          "line": 31,
          "column": 4
        },
        "end": {
          "line": 31,
          "column": 17
        }
      },
      "19": {
        "start": {
          "line": 33,
          "column": 32
        },
        "end": {
          "line": 39,
          "column": 3
        }
      },
      "20": {
        "start": {
          "line": 34,
          "column": 16
        },
        "end": {
          "line": 34,
          "column": 17
        }
      },
      "21": {
        "start": {
          "line": 35,
          "column": 4
        },
        "end": {
          "line": 37,
          "column": 5
        }
      },
      "22": {
        "start": {
          "line": 36,
          "column": 6
        },
        "end": {
          "line": 36,
          "column": 46
        }
      },
      "23": {
        "start": {
          "line": 38,
          "column": 4
        },
        "end": {
          "line": 38,
          "column": 17
        }
      },
      "24": {
        "start": {
          "line": 40,
          "column": 31
        },
        "end": {
          "line": 46,
          "column": 3
        }
      },
      "25": {
        "start": {
          "line": 41,
          "column": 16
        },
        "end": {
          "line": 41,
          "column": 17
        }
      },
      "26": {
        "start": {
          "line": 42,
          "column": 4
        },
        "end": {
          "line": 44,
          "column": 5
        }
      },
      "27": {
        "start": {
          "line": 43,
          "column": 6
        },
        "end": {
          "line": 43,
          "column": 45
        }
      },
      "28": {
        "start": {
          "line": 45,
          "column": 4
        },
        "end": {
          "line": 45,
          "column": 17
        }
      },
      "29": {
        "start": {
          "line": 48,
          "column": 2
        },
        "end": {
          "line": 121,
          "column": 4
        }
      },
      "30": {
        "start": {
          "line": 63,
          "column": 110
        },
        "end": {
          "line": 63,
          "column": 129
        }
      },
      "31": {
        "start": {
          "line": 65,
          "column": 12
        },
        "end": {
          "line": 72,
          "column": 22
        }
      },
      "32": {
        "start": {
          "line": 77,
          "column": 114
        },
        "end": {
          "line": 77,
          "column": 135
        }
      },
      "33": {
        "start": {
          "line": 79,
          "column": 12
        },
        "end": {
          "line": 86,
          "column": 22
        }
      },
      "34": {
        "start": {
          "line": 91,
          "column": 114
        },
        "end": {
          "line": 91,
          "column": 135
        }
      },
      "35": {
        "start": {
          "line": 93,
          "column": 12
        },
        "end": {
          "line": 100,
          "column": 22
        }
      }
    },
    "fnMap": {
      "0": {
        "name": "(anonymous_0)",
        "decl": {
          "start": {
            "line": 8,
            "column": 21
          },
          "end": {
            "line": 8,
            "column": 22
          }
        },
        "loc": {
          "start": {
            "line": 8,
            "column": 44
          },
          "end": {
            "line": 122,
            "column": 1
          }
        },
        "line": 8
      },
      "1": {
        "name": "(anonymous_1)",
        "decl": {
          "start": {
            "line": 22,
            "column": 22
          },
          "end": {
            "line": 22,
            "column": 23
          }
        },
        "loc": {
          "start": {
            "line": 22,
            "column": 28
          },
          "end": {
            "line": 22,
            "column": 52
          }
        },
        "line": 22
      },
      "2": {
        "name": "(anonymous_2)",
        "decl": {
          "start": {
            "line": 23,
            "column": 24
          },
          "end": {
            "line": 23,
            "column": 25
          }
        },
        "loc": {
          "start": {
            "line": 23,
            "column": 30
          },
          "end": {
            "line": 23,
            "column": 58
          }
        },
        "line": 23
      },
      "3": {
        "name": "(anonymous_3)",
        "decl": {
          "start": {
            "line": 24,
            "column": 24
          },
          "end": {
            "line": 24,
            "column": 25
          }
        },
        "loc": {
          "start": {
            "line": 24,
            "column": 30
          },
          "end": {
            "line": 24,
            "column": 58
          }
        },
        "line": 24
      },
      "4": {
        "name": "(anonymous_4)",
        "decl": {
          "start": {
            "line": 26,
            "column": 29
          },
          "end": {
            "line": 26,
            "column": 30
          }
        },
        "loc": {
          "start": {
            "line": 26,
            "column": 43
          },
          "end": {
            "line": 32,
            "column": 3
          }
        },
        "line": 26
      },
      "5": {
        "name": "(anonymous_5)",
        "decl": {
          "start": {
            "line": 33,
            "column": 32
          },
          "end": {
            "line": 33,
            "column": 33
          }
        },
        "loc": {
          "start": {
            "line": 33,
            "column": 46
          },
          "end": {
            "line": 39,
            "column": 3
          }
        },
        "line": 33
      },
      "6": {
        "name": "(anonymous_6)",
        "decl": {
          "start": {
            "line": 40,
            "column": 31
          },
          "end": {
            "line": 40,
            "column": 32
          }
        },
        "loc": {
          "start": {
            "line": 40,
            "column": 45
          },
          "end": {
            "line": 46,
            "column": 3
          }
        },
        "line": 40
      },
      "7": {
        "name": "(anonymous_7)",
        "decl": {
          "start": {
            "line": 63,
            "column": 104
          },
          "end": {
            "line": 63,
            "column": 105
          }
        },
        "loc": {
          "start": {
            "line": 63,
            "column": 110
          },
          "end": {
            "line": 63,
            "column": 129
          }
        },
        "line": 63
      },
      "8": {
        "name": "(anonymous_8)",
        "decl": {
          "start": {
            "line": 64,
            "column": 11
          },
          "end": {
            "line": 64,
            "column": 12
          }
        },
        "loc": {
          "start": {
            "line": 65,
            "column": 12
          },
          "end": {
            "line": 72,
            "column": 22
          }
        },
        "line": 65
      },
      "9": {
        "name": "(anonymous_9)",
        "decl": {
          "start": {
            "line": 77,
            "column": 108
          },
          "end": {
            "line": 77,
            "column": 109
          }
        },
        "loc": {
          "start": {
            "line": 77,
            "column": 114
          },
          "end": {
            "line": 77,
            "column": 135
          }
        },
        "line": 77
      },
      "10": {
        "name": "(anonymous_10)",
        "decl": {
          "start": {
            "line": 78,
            "column": 11
          },
          "end": {
            "line": 78,
            "column": 12
          }
        },
        "loc": {
          "start": {
            "line": 79,
            "column": 12
          },
          "end": {
            "line": 86,
            "column": 22
          }
        },
        "line": 79
      },
      "11": {
        "name": "(anonymous_11)",
        "decl": {
          "start": {
            "line": 91,
            "column": 108
          },
          "end": {
            "line": 91,
            "column": 109
          }
        },
        "loc": {
          "start": {
            "line": 91,
            "column": 114
          },
          "end": {
            "line": 91,
            "column": 135
          }
        },
        "line": 91
      },
      "12": {
        "name": "(anonymous_12)",
        "decl": {
          "start": {
            "line": 92,
            "column": 11
          },
          "end": {
            "line": 92,
            "column": 12
          }
        },
        "loc": {
          "start": {
            "line": 93,
            "column": 12
          },
          "end": {
            "line": 100,
            "column": 22
          }
        },
        "line": 93
      }
    },
    "branchMap": {
      "0": {
        "loc": {
          "start": {
            "line": 50,
            "column": 4
          },
          "end": {
            "line": 120,
            "column": 10
          }
        },
        "type": "cond-expr",
        "locations": [
          {
            "start": {
              "line": 51,
              "column": 4
            },
            "end": {
              "line": 104,
              "column": 11
            }
          },
          {
            "start": {
              "line": 109,
              "column": 4
            },
            "end": {
              "line": 120,
              "column": 9
            }
          }
        ],
        "line": 50
      },
      "1": {
        "loc": {
          "start": {
            "line": 118,
            "column": 7
          },
          "end": {
            "line": 118,
            "column": 117
          }
        },
        "type": "binary-expr",
        "locations": [
          {
            "start": {
              "line": 118,
              "column": 7
            },
            "end": {
              "line": 118,
              "column": 33
            }
          },
          {
            "start": {
              "line": 118,
              "column": 37
            },
            "end": {
              "line": 118,
              "column": 117
            }
          }
        ],
        "line": 118
      }
    },
    "s": {
      "0": 7,
      "1": 224,
      "2": 224,
      "3": 224,
      "4": 224,
      "5": 224,
      "6": 224,
      "7": 224,
      "8": 224,
      "9": 0,
      "10": 224,
      "11": 0,
      "12": 224,
      "13": 0,
      "14": 224,
      "15": 0,
      "16": 0,
      "17": 0,
      "18": 0,
      "19": 224,
      "20": 0,
      "21": 0,
      "22": 0,
      "23": 0,
      "24": 224,
      "25": 0,
      "26": 0,
      "27": 0,
      "28": 0,
      "29": 224,
      "30": 0,
      "31": 0,
      "32": 0,
      "33": 0,
      "34": 0,
      "35": 0
    },
    "f": {
      "0": 224,
      "1": 0,
      "2": 0,
      "3": 0,
      "4": 0,
      "5": 0,
      "6": 0,
      "7": 0,
      "8": 0,
      "9": 0,
      "10": 0,
      "11": 0,
      "12": 0
    },
    "b": {
      "0": [
        224,
        0
      ],
      "1": [
        0,
        0
      ]
    },
    "_coverageSchema": "1a1c01bbd47fc00a2c39e90264f33305004495a9",
    "hash": "a64b8811fc7cea0c4d849ab4a0936d33e77d8f40"
  },
  "/Users/nicholaswerugia/Documents/VSCodeProjects/390/frontend/src/components/LargeTitle.js": {
    "path": "/Users/nicholaswerugia/Documents/VSCodeProjects/390/frontend/src/components/LargeTitle.js",
    "statementMap": {
      "0": {
        "start": {
          "line": 4,
          "column": 19
        },
        "end": {
          "line": 14,
          "column": 1
        }
      },
      "1": {
        "start": {
          "line": 5,
          "column": 2
        },
        "end": {
          "line": 13,
          "column": 4
        }
      }
    },
    "fnMap": {
      "0": {
        "name": "(anonymous_0)",
        "decl": {
          "start": {
            "line": 4,
            "column": 19
          },
          "end": {
            "line": 4,
            "column": 20
          }
        },
        "loc": {
          "start": {
            "line": 4,
            "column": 34
          },
          "end": {
            "line": 14,
            "column": 1
          }
        },
        "line": 4
      }
    },
    "branchMap": {},
    "s": {
      "0": 7,
      "1": 522
    },
    "f": {
      "0": 522
    },
    "b": {},
    "_coverageSchema": "1a1c01bbd47fc00a2c39e90264f33305004495a9",
    "hash": "59a3a0871fe9a581a34d2c92fc084f95c878c0c2"
  },
  "/Users/nicholaswerugia/Documents/VSCodeProjects/390/frontend/src/components/log/Login.js": {
    "path": "/Users/nicholaswerugia/Documents/VSCodeProjects/390/frontend/src/components/log/Login.js",
    "statementMap": {
      "0": {
        "start": {
          "line": 11,
          "column": 14
        },
        "end": {
          "line": 151,
          "column": 1
        }
      },
      "1": {
        "start": {
          "line": 13,
          "column": 18
        },
        "end": {
          "line": 13,
          "column": 31
        }
      },
      "2": {
        "start": {
          "line": 17,
          "column": 22
        },
        "end": {
          "line": 17,
          "column": 31
        }
      },
      "3": {
        "start": {
          "line": 20,
          "column": 34
        },
        "end": {
          "line": 23,
          "column": 4
        }
      },
      "4": {
        "start": {
          "line": 25,
          "column": 30
        },
        "end": {
          "line": 25,
          "column": 42
        }
      },
      "5": {
        "start": {
          "line": 28,
          "column": 23
        },
        "end": {
          "line": 36,
          "column": 3
        }
      },
      "6": {
        "start": {
          "line": 29,
          "column": 4
        },
        "end": {
          "line": 32,
          "column": 7
        }
      },
      "7": {
        "start": {
          "line": 35,
          "column": 4
        },
        "end": {
          "line": 35,
          "column": 50
        }
      },
      "8": {
        "start": {
          "line": 39,
          "column": 23
        },
        "end": {
          "line": 70,
          "column": 3
        }
      },
      "9": {
        "start": {
          "line": 40,
          "column": 19
        },
        "end": {
          "line": 40,
          "column": 21
        }
      },
      "10": {
        "start": {
          "line": 41,
          "column": 18
        },
        "end": {
          "line": 41,
          "column": 22
        }
      },
      "11": {
        "start": {
          "line": 45,
          "column": 4
        },
        "end": {
          "line": 54,
          "column": 5
        }
      },
      "12": {
        "start": {
          "line": 46,
          "column": 6
        },
        "end": {
          "line": 46,
          "column": 47
        }
      },
      "13": {
        "start": {
          "line": 47,
          "column": 6
        },
        "end": {
          "line": 47,
          "column": 22
        }
      },
      "14": {
        "start": {
          "line": 48,
          "column": 11
        },
        "end": {
          "line": 54,
          "column": 5
        }
      },
      "15": {
        "start": {
          "line": 49,
          "column": 6
        },
        "end": {
          "line": 49,
          "column": 62
        }
      },
      "16": {
        "start": {
          "line": 50,
          "column": 6
        },
        "end": {
          "line": 50,
          "column": 22
        }
      },
      "17": {
        "start": {
          "line": 51,
          "column": 11
        },
        "end": {
          "line": 54,
          "column": 5
        }
      },
      "18": {
        "start": {
          "line": 52,
          "column": 6
        },
        "end": {
          "line": 52,
          "column": 45
        }
      },
      "19": {
        "start": {
          "line": 53,
          "column": 6
        },
        "end": {
          "line": 53,
          "column": 22
        }
      },
      "20": {
        "start": {
          "line": 56,
          "column": 4
        },
        "end": {
          "line": 62,
          "column": 5
        }
      },
      "21": {
        "start": {
          "line": 57,
          "column": 6
        },
        "end": {
          "line": 57,
          "column": 53
        }
      },
      "22": {
        "start": {
          "line": 58,
          "column": 6
        },
        "end": {
          "line": 58,
          "column": 22
        }
      },
      "23": {
        "start": {
          "line": 59,
          "column": 11
        },
        "end": {
          "line": 62,
          "column": 5
        }
      },
      "24": {
        "start": {
          "line": 60,
          "column": 6
        },
        "end": {
          "line": 60,
          "column": 68
        }
      },
      "25": {
        "start": {
          "line": 61,
          "column": 6
        },
        "end": {
          "line": 61,
          "column": 22
        }
      },
      "26": {
        "start": {
          "line": 65,
          "column": 4
        },
        "end": {
          "line": 67,
          "column": 5
        }
      },
      "27": {
        "start": {
          "line": 66,
          "column": 6
        },
        "end": {
          "line": 66,
          "column": 24
        }
      },
      "28": {
        "start": {
          "line": 69,
          "column": 4
        },
        "end": {
          "line": 69,
          "column": 19
        }
      },
      "29": {
        "start": {
          "line": 73,
          "column": 23
        },
        "end": {
          "line": 111,
          "column": 3
        }
      },
      "30": {
        "start": {
          "line": 74,
          "column": 4
        },
        "end": {
          "line": 74,
          "column": 23
        }
      },
      "31": {
        "start": {
          "line": 77,
          "column": 4
        },
        "end": {
          "line": 110,
          "column": 5
        }
      },
      "32": {
        "start": {
          "line": 78,
          "column": 6
        },
        "end": {
          "line": 78,
          "column": 28
        }
      },
      "33": {
        "start": {
          "line": 81,
          "column": 6
        },
        "end": {
          "line": 106,
          "column": 11
        }
      },
      "34": {
        "start": {
          "line": 88,
          "column": 10
        },
        "end": {
          "line": 88,
          "column": 64
        }
      },
      "35": {
        "start": {
          "line": 89,
          "column": 10
        },
        "end": {
          "line": 89,
          "column": 66
        }
      },
      "36": {
        "start": {
          "line": 90,
          "column": 10
        },
        "end": {
          "line": 90,
          "column": 50
        }
      },
      "37": {
        "start": {
          "line": 91,
          "column": 10
        },
        "end": {
          "line": 92,
          "column": 58
        }
      },
      "38": {
        "start": {
          "line": 93,
          "column": 10
        },
        "end": {
          "line": 93,
          "column": 27
        }
      },
      "39": {
        "start": {
          "line": 94,
          "column": 10
        },
        "end": {
          "line": 94,
          "column": 27
        }
      },
      "40": {
        "start": {
          "line": 95,
          "column": 10
        },
        "end": {
          "line": 95,
          "column": 32
        }
      },
      "41": {
        "start": {
          "line": 96,
          "column": 10
        },
        "end": {
          "line": 96,
          "column": 30
        }
      },
      "42": {
        "start": {
          "line": 98,
          "column": 10
        },
        "end": {
          "line": 98,
          "column": 38
        }
      },
      "43": {
        "start": {
          "line": 100,
          "column": 10
        },
        "end": {
          "line": 101,
          "column": 73
        }
      },
      "44": {
        "start": {
          "line": 101,
          "column": 12
        },
        "end": {
          "line": 101,
          "column": 73
        }
      },
      "45": {
        "start": {
          "line": 104,
          "column": 10
        },
        "end": {
          "line": 104,
          "column": 27
        }
      },
      "46": {
        "start": {
          "line": 105,
          "column": 10
        },
        "end": {
          "line": 105,
          "column": 62
        }
      },
      "47": {
        "start": {
          "line": 109,
          "column": 6
        },
        "end": {
          "line": 109,
          "column": 13
        }
      },
      "48": {
        "start": {
          "line": 113,
          "column": 2
        },
        "end": {
          "line": 150,
          "column": 4
        }
      }
    },
    "fnMap": {
      "0": {
        "name": "(anonymous_0)",
        "decl": {
          "start": {
            "line": 11,
            "column": 14
          },
          "end": {
            "line": 11,
            "column": 15
          }
        },
        "loc": {
          "start": {
            "line": 11,
            "column": 20
          },
          "end": {
            "line": 151,
            "column": 1
          }
        },
        "line": 11
      },
      "1": {
        "name": "(anonymous_1)",
        "decl": {
          "start": {
            "line": 28,
            "column": 23
          },
          "end": {
            "line": 28,
            "column": 24
          }
        },
        "loc": {
          "start": {
            "line": 28,
            "column": 30
          },
          "end": {
            "line": 36,
            "column": 3
          }
        },
        "line": 28
      },
      "2": {
        "name": "(anonymous_2)",
        "decl": {
          "start": {
            "line": 39,
            "column": 23
          },
          "end": {
            "line": 39,
            "column": 24
          }
        },
        "loc": {
          "start": {
            "line": 39,
            "column": 29
          },
          "end": {
            "line": 70,
            "column": 3
          }
        },
        "line": 39
      },
      "3": {
        "name": "(anonymous_3)",
        "decl": {
          "start": {
            "line": 73,
            "column": 23
          },
          "end": {
            "line": 73,
            "column": 24
          }
        },
        "loc": {
          "start": {
            "line": 73,
            "column": 30
          },
          "end": {
            "line": 111,
            "column": 3
          }
        },
        "line": 73
      },
      "4": {
        "name": "(anonymous_4)",
        "decl": {
          "start": {
            "line": 86,
            "column": 14
          },
          "end": {
            "line": 86,
            "column": 15
          }
        },
        "loc": {
          "start": {
            "line": 86,
            "column": 23
          },
          "end": {
            "line": 102,
            "column": 9
          }
        },
        "line": 86
      },
      "5": {
        "name": "(anonymous_5)",
        "decl": {
          "start": {
            "line": 103,
            "column": 15
          },
          "end": {
            "line": 103,
            "column": 16
          }
        },
        "loc": {
          "start": {
            "line": 103,
            "column": 24
          },
          "end": {
            "line": 106,
            "column": 9
          }
        },
        "line": 103
      }
    },
    "branchMap": {
      "0": {
        "loc": {
          "start": {
            "line": 45,
            "column": 4
          },
          "end": {
            "line": 54,
            "column": 5
          }
        },
        "type": "if",
        "locations": [
          {
            "start": {
              "line": 45,
              "column": 4
            },
            "end": {
              "line": 54,
              "column": 5
            }
          },
          {
            "start": {
              "line": 45,
              "column": 4
            },
            "end": {
              "line": 54,
              "column": 5
            }
          }
        ],
        "line": 45
      },
      "1": {
        "loc": {
          "start": {
            "line": 48,
            "column": 11
          },
          "end": {
            "line": 54,
            "column": 5
          }
        },
        "type": "if",
        "locations": [
          {
[...]
        "start": {
          "line": 143,
          "column": 4
        },
        "end": {
          "line": 237,
          "column": 6
        }
      }
    },
    "fnMap": {
      "0": {
        "name": "(anonymous_0)",
        "decl": {
          "start": {
            "line": 17,
            "column": 31
          },
          "end": {
            "line": 17,
            "column": 32
          }
        },
        "loc": {
          "start": {
            "line": 17,
            "column": 37
          },
          "end": {
            "line": 238,
            "column": 1
          }
        },
        "line": 17
      },
      "1": {
        "name": "(anonymous_1)",
        "decl": {
          "start": {
            "line": 34,
            "column": 25
          },
          "end": {
            "line": 34,
            "column": 26
          }
        },
        "loc": {
          "start": {
            "line": 34,
            "column": 32
          },
          "end": {
            "line": 44,
            "column": 7
          }
        },
        "line": 34
      },
      "2": {
        "name": "(anonymous_2)",
        "decl": {
          "start": {
            "line": 47,
            "column": 25
          },
          "end": {
            "line": 47,
            "column": 26
          }
        },
        "loc": {
          "start": {
            "line": 47,
            "column": 30
          },
          "end": {
            "line": 97,
            "column": 5
          }
        },
        "line": 47
      },
      "3": {
        "name": "(anonymous_3)",
        "decl": {
          "start": {
            "line": 99,
            "column": 25
          },
          "end": {
            "line": 99,
            "column": 26
          }
        },
        "loc": {
          "start": {
            "line": 99,
            "column": 32
          },
          "end": {
            "line": 136,
            "column": 5
          }
        },
        "line": 99
      },
      "4": {
        "name": "(anonymous_4)",
        "decl": {
          "start": {
            "line": 117,
            "column": 18
          },
          "end": {
            "line": 117,
            "column": 19
          }
        },
        "loc": {
          "start": {
            "line": 117,
            "column": 27
          },
          "end": {
            "line": 125,
            "column": 13
          }
        },
        "line": 117
      },
      "5": {
        "name": "(anonymous_5)",
        "decl": {
          "start": {
            "line": 126,
            "column": 19
          },
          "end": {
            "line": 126,
            "column": 20
          }
        },
        "loc": {
          "start": {
            "line": 126,
            "column": 30
          },
          "end": {
            "line": 131,
            "column": 13
          }
        },
        "line": 126
      },
      "6": {
        "name": "goBack",
        "decl": {
          "start": {
            "line": 139,
            "column": 13
          },
          "end": {
            "line": 139,
            "column": 19
          }
        },
        "loc": {
          "start": {
            "line": 139,
            "column": 22
          },
          "end": {
            "line": 141,
            "column": 5
          }
        },
        "line": 139
      }
    },
    "branchMap": {
      "0": {
        "loc": {
          "start": {
            "line": 52,
            "column": 8
          },
          "end": {
            "line": 58,
            "column": 9
          }
        },
        "type": "if",
        "locations": [
          {
            "start": {
              "line": 52,
              "column": 8
            },
            "end": {
              "line": 58,
              "column": 9
            }
          },
          {
            "start": {
              "line": 52,
              "column": 8
            },
            "end": {
              "line": 58,
              "column": 9
            }
          }
        ],
        "line": 52
      },
      "1": {
        "loc": {
          "start": {
            "line": 55,
            "column": 15
          },
          "end": {
            "line": 58,
            "column": 9
          }
        },
        "type": "if",
        "locations": [
          {
            "start": {
              "line": 55,
              "column": 15
            },
            "end": {
              "line": 58,
              "column": 9
            }
          },
          {
            "start": {
              "line": 55,
              "column": 15
            },
            "end": {
              "line": 58,
              "column": 9
            }
          }
        ],
        "line": 55
      },
      "2": {
        "loc": {
          "start": {
            "line": 61,
            "column": 8
          },
          "end": {
            "line": 67,
            "column": 9
          }
        },
        "type": "if",
        "locations": [
          {
            "start": {
              "line": 61,
              "column": 8
            },
            "end": {
              "line": 67,
              "column": 9
            }
          },
          {
            "start": {
              "line": 61,
              "column": 8
            },
            "end": {
              "line": 67,
              "column": 9
            }
          }
        ],
        "line": 61
      },
      "3": {
        "loc": {
          "start": {
            "line": 64,
            "column": 15
          },
          "end": {
            "line": 67,
            "column": 9
          }
        },
        "type": "if",
        "locations": [
          {
            "start": {
              "line": 64,
              "column": 15
            },
            "end": {
              "line": 67,
              "column": 9
            }
          },
          {
            "start": {
              "line": 64,
              "column": 15
            },
            "end": {
              "line": 67,
              "column": 9
            }
          }
        ],
        "line": 64
      },
      "4": {
        "loc": {
          "start": {
            "line": 70,
            "column": 8
          },
          "end": {
            "line": 78,
            "column": 9
          }
        },
        "type": "if",
        "locations": [
          {
            "start": {
              "line": 70,
              "column": 8
            },
            "end": {
              "line": 78,
              "column": 9
            }
          },
          {
            "start": {
              "line": 70,
              "column": 8
            },
            "end": {
              "line": 78,
              "column": 9
            }
          }
        ],
        "line": 70
      },
      "5": {
        "loc": {
          "start": {
            "line": 73,
            "column": 15
          },
          "end": {
            "line": 78,
            "column": 9
          }
        },
        "type": "if",
        "locations": [
          {
            "start": {
              "line": 73,
              "column": 15
            },
            "end": {
              "line": 78,
              "column": 9
            }
          },
          {
            "start": {
              "line": 73,
              "column": 15
            },
            "end": {
              "line": 78,
              "column": 9
            }
          }
        ],
        "line": 73
      },
      "6": {
        "loc": {
          "start": {
            "line": 76,
            "column": 15
          },
          "end": {
            "line": 78,
            "column": 9
          }
        },
        "type": "if",
        "locations": [
          {
            "start": {
              "line": 76,
              "column": 15
            },
            "end": {
              "line": 78,
              "column": 9
            }
          },
          {
            "start": {
              "line": 76,
              "column": 15
            },
            "end": {
              "line": 78,
              "column": 9
            }
          }
        ],
        "line": 76
      },
      "7": {
        "loc": {
          "start": {
            "line": 81,
            "column": 8
          },
          "end": {
            "line": 89,
            "column": 9
          }
        },
        "type": "if",
        "locations": [
          {
            "start": {
              "line": 81,
              "column": 8
            },
            "end": {
              "line": 89,
              "column": 9
            }
          },
          {
            "start": {
              "line": 81,
              "column": 8
            },
            "end": {
              "line": 89,
              "column": 9
            }
          }
        ],
        "line": 81
      },
      "8": {
        "loc": {
          "start": {
            "line": 84,
            "column": 15
          },
          "end": {
            "line": 89,
            "column": 9
          }
        },
        "type": "if",
        "locations": [
          {
            "start": {
              "line": 84,
              "column": 15
            },
            "end": {
              "line": 89,
              "column": 9
            }
          },
          {
            "start": {
              "line": 84,
              "column": 15
            },
            "end": {
              "line": 89,
              "column": 9
            }
          }
        ],
        "line": 84
      },
      "9": {
        "loc": {
          "start": {
            "line": 87,
            "column": 15
          },
          "end": {
            "line": 89,
            "column": 9
          }
        },
        "type": "if",
        "locations": [
          {
            "start": {
              "line": 87,
              "column": 15
            },
            "end": {
              "line": 89,
              "column": 9
            }
          },
          {
            "start": {
              "line": 87,
              "column": 15
            },
            "end": {
              "line": 89,
              "column": 9
            }
          }
        ],
        "line": 87
      },
      "10": {
        "loc": {
          "start": {
            "line": 92,
            "column": 8
          },
          "end": {
            "line": 94,
            "column": 9
          }
        },
        "type": "if",
        "locations": [
          {
            "start": {
              "line": 92,
              "column": 8
            },
            "end": {
              "line": 94,
              "column": 9
            }
          },
          {
            "start": {
              "line": 92,
              "column": 8
            },
            "end": {
              "line": 94,
              "column": 9
            }
          }
        ],
        "line": 92
      },
      "11": {
        "loc": {
          "start": {
            "line": 103,
            "column": 8
          },
          "end": {
            "line": 135,
            "column": 9
          }
        },
        "type": "if",
        "locations": [
          {
            "start": {
              "line": 103,
              "column": 8
            },
            "end": {
              "line": 135,
              "column": 9
            }
          },
          {
            "start": {
              "line": 103,
              "column": 8
            },
            "end": {
              "line": 135,
              "column": 9
            }
          }
        ],
        "line": 103
      },
      "12": {
        "loc": {
          "start": {
            "line": 118,
            "column": 14
          },
          "end": {
            "line": 124,
            "column": 15
          }
        },
        "type": "if",
        "locations": [
          {
            "start": {
              "line": 118,
              "column": 14
            },
            "end": {
              "line": 124,
              "column": 15
            }
          },
          {
            "start": {
              "line": 118,
              "column": 14
            },
            "end": {
              "line": 124,
              "column": 15
            }
          }
        ],
        "line": 118
      },
      "13": {
        "loc": {
          "start": {
            "line": 164,
            "column": 21
          },
          "end": {
            "line": 164,
            "column": 87
          }
        },
        "type": "binary-expr",
        "locations": [
          {
            "start": {
              "line": 164,
              "column": 21
            },
            "end": {
              "line": 164,
              "column": 32
            }
          },
          {
            "start": {
              "line": 164,
              "column": 36
            },
            "end": {
              "line": 164,
              "column": 87
            }
          }
        ],
        "line": 164
      },
      "14": {
        "loc": {
          "start": {
            "line": 195,
            "column": 21
          },
          "end": {
            "line": 195,
            "column": 101
          }
        },
        "type": "binary-expr",
        "locations": [
          {
            "start": {
              "line": 195,
              "column": 21
            },
            "end": {
              "line": 195,
              "column": 39
            }
          },
          {
            "start": {
              "line": 195,
              "column": 43
            },
            "end": {
              "line": 195,
              "column": 101
            }
          }
        ],
        "line": 195
      },
      "15": {
        "loc": {
          "start": {
            "line": 211,
            "column": 21
          },
          "end": {
            "line": 211,
            "column": 95
          }
        },
        "type": "binary-expr",
        "locations": [
          {
            "start": {
              "line": 211,
              "column": 21
            },
            "end": {
              "line": 211,
              "column": 36
            }
          },
          {
            "start": {
              "line": 211,
              "column": 40
            },
            "end": {
              "line": 211,
              "column": 95
            }
          }
        ],
        "line": 211
      },
      "16": {
        "loc": {
          "start": {
            "line": 225,
            "column": 21
          },
          "end": {
            "line": 225,
            "column": 119
          }
        },
        "type": "binary-expr",
        "locations": [
          {
            "start": {
              "line": 225,
              "column": 21
            },
            "end": {
              "line": 225,
              "column": 48
            }
          },
          {
            "start": {
              "line": 225,
              "column": 52
            },
            "end": {
              "line": 225,
              "column": 119
            }
          }
        ],
        "line": 225
      }
    },
    "s": {
      "0": 7,
      "1": 0,
      "2": 0,
      "3": 0,
      "4": 0,
      "5": 0,
      "6": 0,
      "7": 0,
      "8": 0,
      "9": 0,
      "10": 0,
      "11": 0,
      "12": 0,
      "13": 0,
      "14": 0,
      "15": 0,
      "16": 0,
      "17": 0,
      "18": 0,
      "19": 0,
      "20": 0,
      "21": 0,
      "22": 0,
      "23": 0,
      "24": 0,
      "25": 0,
      "26": 0,
      "27": 0,
      "28": 0,
      "29": 0,
      "30": 0,
      "31": 0,
      "32": 0,
      "33": 0,
      "34": 0,
      "35": 0,
      "36": 0,
      "37": 0,
      "38": 0,
      "39": 0,
      "40": 0,
      "41": 0,
      "42": 0,
      "43": 0,
      "44": 0,
      "45": 0,
      "46": 0,
      "47": 0,
      "48": 0,
      "49": 0,
      "50": 0,
      "51": 0,
      "52": 0,
      "53": 0,
      "54": 0,
      "55": 0,
      "56": 0,
      "57": 0,
      "58": 0
    },
    "f": {
      "0": 0,
      "1": 0,
      "2": 0,
      "3": 0,
      "4": 0,
      "5": 0,
      "6": 0
    },
    "b": {
      "0": [
        0,
        0
      ],
      "1": [
        0,
        0
      ],
      "2": [
        0,
        0
      ],
      "3": [
        0,
        0
      ],
      "4": [
        0,
        0
      ],
      "5": [
        0,
        0
      ],
      "6": [
        0,
        0
      ],
      "7": [
        0,
        0
      ],
      "8": [
        0,
        0
      ],
      "9": [
        0,
        0
      ],
      "10": [
        0,
        0
      ],
      "11": [
        0,
        0
      ],
      "12": [
        0,
        0
      ],
      "13": [
        0,
        0
      ],
      "14": [
        0,
        0
      ],
      "15": [
        0,
        0
      ],
      "16": [
        0,
        0
      ]
    },
    "_coverageSchema": "1a1c01bbd47fc00a2c39e90264f33305004495a9",
    "hash": "5f2277bd4dabadfed7f35515103c75dd5986a80c"
  },
  "/Users/nicholaswerugia/Documents/VSCodeProjects/390/frontend/src/App.js": {
    "path": "/Users/nicholaswerugia/Documents/VSCodeProjects/390/frontend/src/App.js",
    "statementMap": {
      "0": {
        "start": {
          "line": 28,
          "column": 27
        },
        "end": {
          "line": 28,
          "column": 36
        }
      },
      "1": {
        "start": {
          "line": 29,
          "column": 2
        },
        "end": {
          "line": 31,
          "column": 8
        }
      },
      "2": {
        "start": {
          "line": 30,
          "column": 4
        },
        "end": {
          "line": 30,
          "column": 21
        }
      },
      "3": {
        "start": {
          "line": 33,
          "column": 2
        },
        "end": {
          "line": 61,
          "column": 4
        }
      }
    },
    "fnMap": {
      "0": {
        "name": "App",
        "decl": {
          "start": {
            "line": 26,
            "column": 9
          },
          "end": {
            "line": 26,
            "column": 12
          }
        },
        "loc": {
          "start": {
            "line": 26,
            "column": 15
          },
          "end": {
            "line": 62,
            "column": 1
          }
        },
        "line": 26
      },
      "1": {
        "name": "(anonymous_1)",
        "decl": {
          "start": {
            "line": 29,
            "column": 12
          },
          "end": {
            "line": 29,
            "column": 13
          }
        },
        "loc": {
          "start": {
            "line": 29,
            "column": 18
          },
          "end": {
            "line": 31,
            "column": 3
          }
        },
        "line": 29
      }
    },
    "branchMap": {},
    "s": {
      "0": 49,
      "1": 42,
      "2": 14,
      "3": 42
    },
    "f": {
      "0": 49,
      "1": 14
    },
    "b": {},
    "_coverageSchema": "1a1c01bbd47fc00a2c39e90264f33305004495a9",
    "hash": "94185d9b600779c7fdd42c58c7abe9743d078680"
  },
  "/Users/nicholaswerugia/Documents/VSCodeProjects/390/frontend/src/index.js": {
    "path": "/Users/nicholaswerugia/Documents/VSCodeProjects/390/frontend/src/index.js",
    "statementMap": {
      "0": {
        "start": {
          "line": 10,
          "column": 13
        },
        "end": {
          "line": 10,
          "column": 65
        }
      },
      "1": {
        "start": {
          "line": 12,
          "column": 0
        },
        "end": {
          "line": 22,
          "column": 2
        }
      }
    },
    "fnMap": {},
    "branchMap": {},
    "s": {
      "0": 7,
      "1": 7
    },
    "f": {},
    "b": {},
    "_coverageSchema": "1a1c01bbd47fc00a2c39e90264f33305004495a9",
    "hash": "6d92d37536fde18f5c904e1a63c531c69298d554"
  }
}